Copyright 1986-2021 Xilinx, Inc. All Rights Reserved.
----------------------------------------------------------------------------------------------------------------------------------------------
| Tool Version     : Vivado v.2021.1 (win64) Build 3247384 Thu Jun 10 19:36:33 MDT 2021
| Date             : Thu Mar 31 15:11:17 2022
| Host             : Apollo running 64-bit major release  (build 9200)
| Command          : report_power -file TopLevel_power_routed.rpt -pb TopLevel_power_summary_routed.pb -rpx TopLevel_power_routed.rpx
| Design           : TopLevel
| Device           : xc7a100tcsg324-1
| Design State     : routed
| Grade            : commercial
| Process          : typical
| Characterization : Production
----------------------------------------------------------------------------------------------------------------------------------------------

Power Report

Table of Contents
-----------------
1. Summary
1.1 On-Chip Components
1.2 Power Supply Summary
1.3 Confidence Level
2. Settings
2.1 Environment
2.2 Clock Constraints
3. Detailed Reports
3.1 By Hierarchy

1. Summary
----------

+--------------------------+--------------+
| Total On-Chip Power (W)  | 0.220        |
| Design Power Budget (W)  | Unspecified* |
| Power Budget Margin (W)  | NA           |
| Dynamic (W)              | 0.117        |
| Device Static (W)        | 0.103        |
| Effective TJA (C/W)      | 4.6          |
| Max Ambient (C)          | 84.0         |
| Junction Temperature (C) | 26.0         |
| Confidence Level         | Low          |
| Setting File             | ---          |
| Simulation Activity File | ---          |
| Design Nets Matched      | NA           |
+--------------------------+--------------+
* Specify Design Power Budget using, set_operating_conditions -design_power_budget <value in Watts>


1.1 On-Chip Components
----------------------

+----------------+-----------+----------+-----------+-----------------+
| On-Chip        | Power (W) | Used     | Available | Utilization (%) |
+----------------+-----------+----------+-----------+-----------------+
| Clocks         |     0.003 |        8 |       --- |             --- |
| Slice Logic    |     0.005 |     3731 |       --- |             --- |
|   LUT as Logic |     0.004 |     1821 |     63400 |            2.87 |
|   CARRY4       |    <0.001 |      225 |     15850 |            1.42 |
|   Register     |    <0.001 |      530 |    126800 |            0.42 |
|   F7/F8 Muxes  |    <0.001 |      169 |     63400 |            0.27 |
|   Others       |     0.000 |      412 |       --- |             --- |
| Signals        |     0.008 |     3384 |       --- |             --- |
| Block RAM      |     0.001 |    119.5 |       135 |           88.52 |
| PLL            |     0.098 |        1 |         6 |           16.67 |
| DSPs           |     0.001 |        4 |       240 |            1.67 |
| I/O            |    <0.001 |       30 |       210 |           14.29 |
| Static Power   |     0.103 |          |           |                 |
| Total          |     0.220 |          |           |                 |
+----------------+-----------+----------+-----------+-----------------+


1.2 Power Supply Summary
------------------------

+-----------+-------------+-----------+-------------+------------+-------------+-------------+------------+
| Source    | Voltage (V) | Total (A) | Dynamic (A) | Static (A) | Powerup (A) | Budget (A)  | Margin (A) |
+-----------+-------------+-----------+-------------+------------+-------------+-------------+------------+
| Vccint    |       1.000 |     0.045 |       0.027 |      0.018 |       NA    | Unspecified | NA         |
| Vccaux    |       1.800 |     0.068 |       0.050 |      0.018 |       NA    | Unspecified | NA         |
| Vcco33    |       3.300 |     0.004 |       0.000 |      0.004 |       NA    | Unspecified | NA         |
| Vcco25    |       2.500 |     0.000 |       0.000 |      0.000 |       NA    | Unspecified | NA         |
| Vcco18    |       1.800 |     0.000 |       0.000 |      0.000 |       NA    | Unspecified | NA         |
| Vcco15    |       1.500 |     0.000 |       0.000 |      0.000 |       NA    | Unspecified | NA         |
| Vcco135   |       1.350 |     0.000 |       0.000 |      0.000 |       NA    | Unspecified | NA         |
| Vcco12    |       1.200 |     0.000 |       0.000 |      0.000 |       NA    | Unspecified | NA         |
| Vccaux_io |       1.800 |     0.000 |       0.000 |      0.000 |       NA    | Unspecified | NA         |
| Vccbram   |       1.000 |     0.003 |       0.000 |      0.003 |       NA    | Unspecified | NA         |
| MGTAVcc   |       1.000 |     0.000 |       0.000 |      0.000 |       NA    | Unspecified | NA         |
| MGTAVtt   |       1.200 |     0.000 |       0.000 |      0.000 |       NA    | Unspecified | NA         |
| Vccadc    |       1.800 |     0.020 |       0.000 |      0.020 |       NA    | Unspecified | NA         |
+-----------+-------------+-----------+-------------+------------+-------------+-------------+------------+


1.3 Confidence Level
--------------------

+-----------------------------+------------+--------------------------------------------------------+------------------------------------------------------------------------------------------------------------+
| User Input Data             | Confidence | Details                                                | Action                                                                                                     |
+-----------------------------+------------+--------------------------------------------------------+------------------------------------------------------------------------------------------------------------+
| Design implementation state | High       | Design is routed                                       |                                                                                                            |
| Clock nodes activity        | High       | User specified more than 95% of clocks                 |                                                                                                            |
| I/O nodes activity          | Low        | More than 75% of inputs are missing user specification | Provide missing input activity with simulation results or by editing the "By Resource Type -> I/Os" view   |
| Internal nodes activity     | Medium     | User specified less than 25% of internal nodes         | Provide missing internal nodes activity with simulation results or by editing the "By Resource Type" views |
| Device models               | High       | Device models are Production                           |                                                                                                            |
|                             |            |                                                        |                                                                                                            |
| Overall confidence level    | Low        |                                                        |                                                                                                            |
+-----------------------------+------------+--------------------------------------------------------+------------------------------------------------------------------------------------------------------------+


2. Settings
-----------

2.1 Environment
---------------

+-----------------------+--------------------------+
| Ambient Temp (C)      | 25.0                     |
| ThetaJA (C/W)         | 4.6                      |
| Airflow (LFM)         | 250                      |
| Heat Sink             | medium (Medium Profile)  |
| ThetaSA (C/W)         | 4.6                      |
| Board Selection       | medium (10"x10")         |
| # of Board Layers     | 12to15 (12 to 15 Layers) |
| Board Temperature (C) | 25.0                     |
+-----------------------+--------------------------+


2.2 Clock Constraints
---------------------

+----------------------+-------------------------------------+-----------------+
| Clock                | Domain                              | Constraint (ns) |
+----------------------+-------------------------------------+-----------------+
| CLK100MHZ            | CLK100MHZ                           |            10.0 |
| clk_out1_clk_wiz_0   | clockModule/inst/clk_out1_clk_wiz_0 |            25.0 |
| clk_out1_clk_wiz_0_1 | clockModule/inst/clk_out1_clk_wiz_0 |            25.0 |
| clkfbout_clk_wiz_0   | clockModule/inst/clkfbout_clk_wiz_0 |            50.0 |
| clkfbout_clk_wiz_0_1 | clockModule/inst/clkfbout_clk_wiz_0 |            50.0 |
| sys_clk_pin          | CLK100MHZ                           |            10.0 |
+----------------------+-------------------------------------+-----------------+


3. Detailed Reports
-------------------

3.1 By Hierarchy
----------------

+-----------------------+-----------+
| Name                  | Power (W) |
+-----------------------+-----------+
| TopLevel              |     0.117 |
|   FIFO                |     0.001 |
|     U0                |     0.001 |
|       inst_fifo_gen   |     0.001 |
|   clockModule         |     0.099 |
|     inst              |     0.099 |
|   command_processor   |     0.003 |
|   frame               |     0.004 |
|     frameBufferMemory |     0.004 |
|       U0              |     0.004 |
|   line_drawing        |     0.002 |
|   triangle_drawing    |     0.004 |
|     side1             |     0.002 |
|     side2             |     0.002 |
+-----------------------+-----------+


