#-----------------------------------------------------------
# Vivado v2021.1 (64-bit)
# SW Build 3247384 on Thu Jun 10 19:36:33 MDT 2021
# IP Build 3246043 on Fri Jun 11 00:30:35 MDT 2021
# Start of session at: Tue Sep 28 12:21:29 2021
# Process ID: 15972
# Current directory: C:/Users/jblan/Documents/GitHub/Graphics-Processor-Senior-Project/Project Files/Senior-Project
# Command line: vivado.exe -gui_launcher_event rodinguilauncherevent10900 C:\Users\jblan\Documents\GitHub\Graphics-Processor-Senior-Project\Project Files\Senior-Project\Senior-Project.xpr
# Log file: C:/Users/jblan/Documents/GitHub/Graphics-Processor-Senior-Project/Project Files/Senior-Project/vivado.log
# Journal file: C:/Users/jblan/Documents/GitHub/Graphics-Processor-Senior-Project/Project Files/Senior-Project\vivado.jou
#-----------------------------------------------------------
Sourcing tcl script 'C:/Users/jblan/AppData/Roaming/Xilinx/Vivado/Vivado_init.tcl'
start_gui
open_project {C:/Users/jblan/Documents/GitHub/Graphics-Processor-Senior-Project/Project Files/Senior-Project/Senior-Project.xpr}
INFO: [ProjectBase 1-489] The host OS only allows 260 characters in a normal path. The project is stored in a path with more than 80 characters. If you experience issues with IP, Block Designs, or files not being found, please consider moving the project to a location with a shorter path. Alternately consider using the OS subst command to map part of the path to a drive letter.
Current project path is 'C:/Users/jblan/Documents/GitHub/Graphics-Processor-Senior-Project/Project Files/Senior-Project'
Scanning sources...
Finished scanning sources
INFO: [IP_Flow 19-234] Refreshing IP repositories
INFO: [IP_Flow 19-1704] No user IP repositories specified
INFO: [IP_Flow 19-2313] Loaded Vivado IP repository 'C:/Xilinx/Vivado/2021.1/data/ip'.
exit
INFO: [Common 17-206] Exiting Vivado at Tue Sep 28 12:23:18 2021...
